<?xml version="1.0" encoding="UTF-8"?>
<coverage generated="1775984625895" clover="3.2.0">
  <project timestamp="1775984625895" name="All files">
    <metrics statements="118" coveredstatements="104" conditionals="62" coveredconditionals="55" methods="22" coveredmethods="19" elements="202" coveredelements="178" complexity="0" loc="118" ncloc="118" packages="2" files="3" classes="3"/>
    <package name="services">
      <metrics statements="105" coveredstatements="91" conditionals="52" coveredconditionals="45" methods="21" coveredmethods="18"/>
      <file name="crypto.ts" path="C:\Users\Vertimnus\zero-trust-password-manager\src\services\crypto.ts">
        <metrics statements="88" coveredstatements="74" conditionals="48" coveredconditionals="41" methods="19" coveredmethods="16"/>
        <line num="2" count="30" type="stmt"/>
        <line num="3" count="30" type="stmt"/>
        <line num="11" count="30" type="stmt"/>
        <line num="30" count="15" type="stmt"/>
        <line num="32" count="15" type="stmt"/>
        <line num="33" count="15" type="stmt"/>
        <line num="35" count="15" type="stmt"/>
        <line num="37" count="15" type="stmt"/>
        <line num="43" count="15" type="stmt"/>
        <line num="58" count="12" type="stmt"/>
        <line num="59" count="10634" type="stmt"/>
        <line num="61" count="12" type="stmt"/>
        <line num="63" count="12" type="stmt"/>
        <line num="64" count="12" type="stmt"/>
        <line num="74" count="4" type="stmt"/>
        <line num="76" count="8" type="stmt"/>
        <line num="83" count="19" type="stmt"/>
        <line num="85" count="19" type="cond" truecount="2" falsecount="0"/>
        <line num="86" count="11" type="stmt"/>
        <line num="89" count="19" type="cond" truecount="2" falsecount="0"/>
        <line num="90" count="3" type="stmt"/>
        <line num="93" count="19" type="cond" truecount="2" falsecount="0"/>
        <line num="94" count="10" type="stmt"/>
        <line num="97" count="19" type="cond" truecount="2" falsecount="0"/>
        <line num="98" count="8" type="stmt"/>
        <line num="101" count="19" type="cond" truecount="2" falsecount="0"/>
        <line num="102" count="11" type="stmt"/>
        <line num="106" count="19" type="cond" truecount="2" falsecount="0"/>
        <line num="107" count="5" type="stmt"/>
        <line num="110" count="19" type="cond" truecount="2" falsecount="0"/>
        <line num="111" count="10" type="stmt"/>
        <line num="114" count="19" type="stmt"/>
        <line num="121" count="0" type="stmt"/>
        <line num="122" count="0" type="stmt"/>
        <line num="125" count="0" type="stmt"/>
        <line num="126" count="0" type="stmt"/>
        <line num="128" count="0" type="stmt"/>
        <line num="129" count="0" type="cond" truecount="0" falsecount="2"/>
        <line num="130" count="0" type="stmt"/>
        <line num="138" count="0" type="stmt"/>
        <line num="144" count="0" type="cond" truecount="0" falsecount="2"/>
        <line num="145" count="0" type="stmt"/>
        <line num="146" count="0" type="stmt"/>
        <line num="153" count="5548" type="stmt"/>
        <line num="154" count="5548" type="stmt"/>
        <line num="155" count="5548" type="stmt"/>
        <line num="166" count="153" type="stmt"/>
        <line num="173" count="153" type="cond" truecount="1" falsecount="1"/>
        <line num="174" count="0" type="stmt"/>
        <line num="175" count="0" type="stmt"/>
        <line num="176" count="0" type="stmt"/>
        <line num="179" count="153" type="stmt"/>
        <line num="180" count="153" type="cond" truecount="2" falsecount="0"/>
        <line num="181" count="1" type="stmt"/>
        <line num="184" count="152" type="stmt"/>
        <line num="185" count="152" type="stmt"/>
        <line num="186" count="608" type="cond" truecount="2" falsecount="0"/>
        <line num="187" count="605" type="stmt"/>
        <line num="191" count="152" type="stmt"/>
        <line num="192" count="152" type="stmt"/>
        <line num="194" count="152" type="stmt"/>
        <line num="195" count="2245" type="stmt"/>
        <line num="198" count="152" type="stmt"/>
        <line num="199" count="2698" type="stmt"/>
        <line num="200" count="2698" type="stmt"/>
        <line num="203" count="152" type="stmt"/>
        <line num="207" count="19" type="cond" truecount="2" falsecount="0"/>
        <line num="208" count="4" type="stmt"/>
        <line num="212" count="15" type="stmt"/>
        <line num="213" count="104212" type="stmt"/>
        <line num="214" count="104212" type="cond" truecount="2" falsecount="1"/>
        <line num="218" count="15" type="stmt"/>
        <line num="221" count="15" type="cond" truecount="2" falsecount="0"/>
        <line num="222" count="3" type="stmt"/>
        <line num="225" count="15" type="stmt"/>
        <line num="230" count="18" type="stmt"/>
        <line num="231" count="18" type="cond" truecount="2" falsecount="0"/>
        <line num="235" count="18" type="stmt"/>
        <line num="236" count="18" type="cond" truecount="3" falsecount="0"/>
        <line num="250" count="7" type="stmt"/>
        <line num="251" count="7" type="stmt"/>
        <line num="254" count="1054" type="stmt"/>
        <line num="260" count="1054" type="stmt"/>
        <line num="263" count="1054" type="cond" truecount="2" falsecount="0"/>
        <line num="264" count="50" type="stmt"/>
        <line num="271" count="6" type="stmt"/>
        <line num="275" count="1" type="stmt"/>
        <line num="279" count="2" type="stmt"/>
      </file>
      <file name="hibp.ts" path="C:\Users\Vertimnus\zero-trust-password-manager\src\services\hibp.ts">
        <metrics statements="17" coveredstatements="17" conditionals="4" coveredconditionals="4" methods="2" coveredmethods="2"/>
        <line num="2" count="6" type="stmt"/>
        <line num="3" count="6" type="stmt"/>
        <line num="4" count="6" type="stmt"/>
        <line num="5" count="6" type="stmt"/>
        <line num="6" count="120" type="stmt"/>
        <line num="8" count="6" type="stmt"/>
        <line num="9" count="6" type="stmt"/>
        <line num="11" count="6" type="stmt"/>
        <line num="15" count="6" type="cond" truecount="2" falsecount="0"/>
        <line num="16" count="1" type="stmt"/>
        <line num="19" count="5" type="stmt"/>
        <line num="20" count="5" type="stmt"/>
        <line num="22" count="5" type="stmt"/>
        <line num="23" count="8" type="stmt"/>
        <line num="24" count="8" type="cond" truecount="2" falsecount="0"/>
        <line num="25" count="1" type="stmt"/>
        <line num="29" count="4" type="stmt"/>
      </file>
    </package>
    <package name="utils">
      <metrics statements="13" coveredstatements="13" conditionals="10" coveredconditionals="10" methods="1" coveredmethods="1"/>
      <file name="passwordValidator.ts" path="C:\Users\Vertimnus\zero-trust-password-manager\src\utils\passwordValidator.ts">
        <metrics statements="13" coveredstatements="13" conditionals="10" coveredconditionals="10" methods="1" coveredmethods="1"/>
        <line num="16" count="1" type="stmt"/>
        <line num="17" count="9" type="stmt"/>
        <line num="19" count="9" type="cond" truecount="2" falsecount="0"/>
        <line num="20" count="3" type="stmt"/>
        <line num="23" count="9" type="cond" truecount="2" falsecount="0"/>
        <line num="24" count="2" type="stmt"/>
        <line num="27" count="9" type="cond" truecount="2" falsecount="0"/>
        <line num="28" count="2" type="stmt"/>
        <line num="31" count="9" type="cond" truecount="2" falsecount="0"/>
        <line num="32" count="2" type="stmt"/>
        <line num="35" count="9" type="cond" truecount="2" falsecount="0"/>
        <line num="36" count="2" type="stmt"/>
        <line num="39" count="9" type="stmt"/>
      </file>
    </package>
  </project>
</coverage>
