{"C:\\Users\\Vertimnus\\zero-trust-password-manager\\src\\services\\crypto.ts": {"path":"C:\\Users\\Vertimnus\\zero-trust-password-manager\\src\\services\\crypto.ts","statementMap":{"0":{"start":{"line":2,"column":14},"end":{"line":2,"column":null}},"1":{"start":{"line":3,"column":22},"end":{"line":9,"column":null}},"2":{"start":{"line":11,"column":2},"end":{"line":22,"column":null}},"3":{"start":{"line":30,"column":14},"end":{"line":30,"column":null}},"4":{"start":{"line":32,"column":15},"end":{"line":32,"column":null}},"5":{"start":{"line":33,"column":13},"end":{"line":33,"column":null}},"6":{"start":{"line":35,"column":14},"end":{"line":35,"column":null}},"7":{"start":{"line":37,"column":20},"end":{"line":41,"column":null}},"8":{"start":{"line":43,"column":2},"end":{"line":47,"column":null}},"9":{"start":{"line":58,"column":14},"end":{"line":59,"column":null}},"10":{"start":{"line":59,"column":4},"end":{"line":59,"column":null}},"11":{"start":{"line":59,"column":36},"end":{"line":59,"column":51}},"12":{"start":{"line":61,"column":14},"end":{"line":61,"column":null}},"13":{"start":{"line":63,"column":2},"end":{"line":79,"column":null}},"14":{"start":{"line":64,"column":22},"end":{"line":72,"column":null}},"15":{"start":{"line":74,"column":4},"end":{"line":74,"column":null}},"16":{"start":{"line":76,"column":4},"end":{"line":78,"column":null}},"17":{"start":{"line":83,"column":27},"end":{"line":83,"column":null}},"18":{"start":{"line":85,"column":2},"end":{"line":87,"column":null}},"19":{"start":{"line":86,"column":4},"end":{"line":86,"column":null}},"20":{"start":{"line":89,"column":2},"end":{"line":91,"column":null}},"21":{"start":{"line":90,"column":4},"end":{"line":90,"column":null}},"22":{"start":{"line":93,"column":2},"end":{"line":95,"column":null}},"23":{"start":{"line":94,"column":4},"end":{"line":94,"column":null}},"24":{"start":{"line":97,"column":2},"end":{"line":99,"column":null}},"25":{"start":{"line":98,"column":4},"end":{"line":98,"column":null}},"26":{"start":{"line":101,"column":2},"end":{"line":103,"column":null}},"27":{"start":{"line":102,"column":4},"end":{"line":102,"column":null}},"28":{"start":{"line":106,"column":2},"end":{"line":108,"column":null}},"29":{"start":{"line":107,"column":4},"end":{"line":107,"column":null}},"30":{"start":{"line":110,"column":2},"end":{"line":112,"column":null}},"31":{"start":{"line":111,"column":4},"end":{"line":111,"column":null}},"32":{"start":{"line":114,"column":2},"end":{"line":117,"column":null}},"33":{"start":{"line":121,"column":2},"end":{"line":139,"column":null}},"34":{"start":{"line":122,"column":4},"end":{"line":122,"column":null}},"35":{"start":{"line":125,"column":4},"end":{"line":135,"column":null}},"36":{"start":{"line":126,"column":6},"end":{"line":134,"column":null}},"37":{"start":{"line":128,"column":33},"end":{"line":128,"column":null}},"38":{"start":{"line":129,"column":8},"end":{"line":131,"column":null}},"39":{"start":{"line":130,"column":10},"end":{"line":130,"column":null}},"40":{"start":{"line":138,"column":4},"end":{"line":138,"column":null}},"41":{"start":{"line":144,"column":2},"end":{"line":149,"column":null}},"42":{"start":{"line":145,"column":16},"end":{"line":145,"column":null}},"43":{"start":{"line":146,"column":4},"end":{"line":146,"column":null}},"44":{"start":{"line":153,"column":16},"end":{"line":153,"column":null}},"45":{"start":{"line":154,"column":2},"end":{"line":154,"column":null}},"46":{"start":{"line":155,"column":2},"end":{"line":155,"column":null}},"47":{"start":{"line":166,"column":19},"end":{"line":171,"column":null}},"48":{"start":{"line":173,"column":2},"end":{"line":177,"column":null}},"49":{"start":{"line":174,"column":4},"end":{"line":174,"column":null}},"50":{"start":{"line":175,"column":4},"end":{"line":175,"column":null}},"51":{"start":{"line":176,"column":4},"end":{"line":176,"column":null}},"52":{"start":{"line":179,"column":19},"end":{"line":179,"column":null}},"53":{"start":{"line":180,"column":2},"end":{"line":182,"column":null}},"54":{"start":{"line":181,"column":4},"end":{"line":181,"column":null}},"55":{"start":{"line":184,"column":34},"end":{"line":184,"column":null}},"56":{"start":{"line":185,"column":2},"end":{"line":189,"column":null}},"57":{"start":{"line":186,"column":4},"end":{"line":188,"column":null}},"58":{"start":{"line":187,"column":6},"end":{"line":187,"column":null}},"59":{"start":{"line":191,"column":26},"end":{"line":191,"column":null}},"60":{"start":{"line":192,"column":22},"end":{"line":192,"column":null}},"61":{"start":{"line":194,"column":2},"end":{"line":196,"column":null}},"62":{"start":{"line":194,"column":15},"end":{"line":194,"column":18}},"63":{"start":{"line":195,"column":4},"end":{"line":195,"column":null}},"64":{"start":{"line":198,"column":2},"end":{"line":201,"column":null}},"65":{"start":{"line":198,"column":15},"end":{"line":198,"column":39}},"66":{"start":{"line":199,"column":14},"end":{"line":199,"column":null}},"67":{"start":{"line":200,"column":4},"end":{"line":200,"column":null}},"68":{"start":{"line":203,"column":2},"end":{"line":203,"column":null}},"69":{"start":{"line":207,"column":2},"end":{"line":209,"column":null}},"70":{"start":{"line":208,"column":4},"end":{"line":208,"column":null}},"71":{"start":{"line":212,"column":18},"end":{"line":215,"column":null}},"72":{"start":{"line":213,"column":17},"end":{"line":213,"column":null}},"73":{"start":{"line":214,"column":4},"end":{"line":214,"column":null}},"74":{"start":{"line":218,"column":2},"end":{"line":218,"column":null}},"75":{"start":{"line":221,"column":2},"end":{"line":223,"column":null}},"76":{"start":{"line":222,"column":4},"end":{"line":222,"column":null}},"77":{"start":{"line":225,"column":2},"end":{"line":225,"column":null}},"78":{"start":{"line":230,"column":20},"end":{"line":230,"column":null}},"79":{"start":{"line":231,"column":2},"end":{"line":231,"column":null}},"80":{"start":{"line":235,"column":24},"end":{"line":235,"column":null}},"81":{"start":{"line":236,"column":2},"end":{"line":236,"column":null}},"82":{"start":{"line":250,"column":31},"end":{"line":250,"column":null}},"83":{"start":{"line":251,"column":29},"end":{"line":251,"column":null}},"84":{"start":{"line":254,"column":35},"end":{"line":258,"column":null}},"85":{"start":{"line":260,"column":4},"end":{"line":260,"column":null}},"86":{"start":{"line":263,"column":4},"end":{"line":265,"column":null}},"87":{"start":{"line":264,"column":6},"end":{"line":264,"column":null}},"88":{"start":{"line":271,"column":4},"end":{"line":271,"column":null}},"89":{"start":{"line":275,"column":4},"end":{"line":275,"column":null}},"90":{"start":{"line":279,"column":27},"end":{"line":279,"column":null}}},"fnMap":{"0":{"name":"generateKeyFromPassword","decl":{"start":{"line":1,"column":22},"end":{"line":1,"column":46}},"loc":{"start":{"line":1,"column":82},"end":{"line":23,"column":null}},"line":1},"1":{"name":"encryptPassword","decl":{"start":{"line":25,"column":22},"end":{"line":25,"column":null}},"loc":{"start":{"line":29,"column":2},"end":{"line":48,"column":null}},"line":29},"2":{"name":"decryptPassword","decl":{"start":{"line":50,"column":22},"end":{"line":50,"column":null}},"loc":{"start":{"line":56,"column":2},"end":{"line":80,"column":null}},"line":56},"3":{"name":"(anonymous_3)","decl":{"start":{"line":58,"column":14},"end":{"line":58,"column":15}},"loc":{"start":{"line":59,"column":4},"end":{"line":59,"column":null}},"line":59},"4":{"name":"(anonymous_4)","decl":{"start":{"line":59,"column":31},"end":{"line":59,"column":36}},"loc":{"start":{"line":59,"column":36},"end":{"line":59,"column":51}},"line":59},"5":{"name":"validateMasterPassword","decl":{"start":{"line":82,"column":16},"end":{"line":82,"column":39}},"loc":{"start":{"line":82,"column":97},"end":{"line":118,"column":null}},"line":82},"6":{"name":"secureCopyToClipboard","decl":{"start":{"line":120,"column":22},"end":{"line":120,"column":44}},"loc":{"start":{"line":120,"column":102},"end":{"line":140,"column":null}},"line":120},"7":{"name":"(anonymous_7)","decl":{"start":{"line":125,"column":15},"end":{"line":125,"column":27}},"loc":{"start":{"line":125,"column":27},"end":{"line":135,"column":7}},"line":125},"8":{"name":"secureWipeString","decl":{"start":{"line":142,"column":16},"end":{"line":142,"column":33}},"loc":{"start":{"line":142,"column":52},"end":{"line":150,"column":null}},"line":142},"9":{"name":"secureRandomIndex","decl":{"start":{"line":152,"column":9},"end":{"line":152,"column":27}},"loc":{"start":{"line":152,"column":48},"end":{"line":156,"column":null}},"line":152},"10":{"name":"generateSecurePassword","decl":{"start":{"line":158,"column":16},"end":{"line":158,"column":39}},"loc":{"start":{"line":165,"column":11},"end":{"line":204,"column":null}},"line":165},"11":{"name":"(anonymous_11)","decl":{"start":{"line":185,"column":35},"end":{"line":185,"column":36}},"loc":{"start":{"line":185,"column":50},"end":{"line":189,"column":3}},"line":185},"12":{"name":"sanitizeInput","decl":{"start":{"line":206,"column":16},"end":{"line":206,"column":30}},"loc":{"start":{"line":206,"column":79},"end":{"line":226,"column":null}},"line":206},"13":{"name":"(anonymous_13)","decl":{"start":{"line":212,"column":41},"end":{"line":212,"column":49}},"loc":{"start":{"line":212,"column":49},"end":{"line":215,"column":3}},"line":212},"14":{"name":"validateSite","decl":{"start":{"line":228,"column":16},"end":{"line":228,"column":29}},"loc":{"start":{"line":228,"column":52},"end":{"line":232,"column":null}},"line":228},"15":{"name":"validateUsername","decl":{"start":{"line":234,"column":16},"end":{"line":234,"column":33}},"loc":{"start":{"line":234,"column":60},"end":{"line":237,"column":null}},"line":234},"16":{"name":"(anonymous_16)","decl":{"start":{"line":253,"column":2},"end":{"line":253,"column":6}},"loc":{"start":{"line":253,"column":57},"end":{"line":268,"column":null}},"line":253},"17":{"name":"(anonymous_17)","decl":{"start":{"line":270,"column":2},"end":{"line":270,"column":26}},"loc":{"start":{"line":270,"column":26},"end":{"line":272,"column":null}},"line":270},"18":{"name":"(anonymous_18)","decl":{"start":{"line":274,"column":2},"end":{"line":274,"column":20}},"loc":{"start":{"line":274,"column":20},"end":{"line":276,"column":null}},"line":274}},"branchMap":{"0":{"loc":{"start":{"line":85,"column":2},"end":{"line":87,"column":null}},"type":"if","locations":[{"start":{"line":85,"column":2},"end":{"line":87,"column":null}},{"start":{},"end":{}}],"line":85},"1":{"loc":{"start":{"line":89,"column":2},"end":{"line":91,"column":null}},"type":"if","locations":[{"start":{"line":89,"column":2},"end":{"line":91,"column":null}},{"start":{},"end":{}}],"line":89},"2":{"loc":{"start":{"line":93,"column":2},"end":{"line":95,"column":null}},"type":"if","locations":[{"start":{"line":93,"column":2},"end":{"line":95,"column":null}},{"start":{},"end":{}}],"line":93},"3":{"loc":{"start":{"line":97,"column":2},"end":{"line":99,"column":null}},"type":"if","locations":[{"start":{"line":97,"column":2},"end":{"line":99,"column":null}},{"start":{},"end":{}}],"line":97},"4":{"loc":{"start":{"line":101,"column":2},"end":{"line":103,"column":null}},"type":"if","locations":[{"start":{"line":101,"column":2},"end":{"line":103,"column":null}},{"start":{},"end":{}}],"line":101},"5":{"loc":{"start":{"line":106,"column":2},"end":{"line":108,"column":null}},"type":"if","locations":[{"start":{"line":106,"column":2},"end":{"line":108,"column":null}},{"start":{},"end":{}}],"line":106},"6":{"loc":{"start":{"line":110,"column":2},"end":{"line":112,"column":null}},"type":"if","locations":[{"start":{"line":110,"column":2},"end":{"line":112,"column":null}},{"start":{},"end":{}}],"line":110},"7":{"loc":{"start":{"line":120,"column":58},"end":{"line":120,"column":102}},"type":"default-arg","locations":[{"start":{"line":120,"column":80},"end":{"line":120,"column":102}}],"line":120},"8":{"loc":{"start":{"line":129,"column":8},"end":{"line":131,"column":null}},"type":"if","locations":[{"start":{"line":129,"column":8},"end":{"line":131,"column":null}},{"start":{},"end":{}}],"line":129},"9":{"loc":{"start":{"line":144,"column":2},"end":{"line":149,"column":null}},"type":"if","locations":[{"start":{"line":144,"column":2},"end":{"line":149,"column":null}},{"start":{},"end":{}}],"line":144},"10":{"loc":{"start":{"line":167,"column":11},"end":{"line":167,"column":null}},"type":"cond-expr","locations":[{"start":{"line":167,"column":34},"end":{"line":167,"column":64}},{"start":{"line":167,"column":64},"end":{"line":167,"column":null}}],"line":167},"11":{"loc":{"start":{"line":168,"column":11},"end":{"line":168,"column":null}},"type":"cond-expr","locations":[{"start":{"line":168,"column":34},"end":{"line":168,"column":63}},{"start":{"line":168,"column":63},"end":{"line":168,"column":null}}],"line":168},"12":{"loc":{"start":{"line":169,"column":13},"end":{"line":169,"column":null}},"type":"cond-expr","locations":[{"start":{"line":169,"column":38},"end":{"line":169,"column":51}},{"start":{"line":169,"column":51},"end":{"line":169,"column":null}}],"line":169},"13":{"loc":{"start":{"line":170,"column":13},"end":{"line":170,"column":null}},"type":"cond-expr","locations":[{"start":{"line":170,"column":38},"end":{"line":170,"column":69}},{"start":{"line":170,"column":69},"end":{"line":170,"column":null}}],"line":170},"14":{"loc":{"start":{"line":173,"column":2},"end":{"line":177,"column":null}},"type":"if","locations":[{"start":{"line":173,"column":2},"end":{"line":177,"column":null}},{"start":{},"end":{}}],"line":173},"15":{"loc":{"start":{"line":180,"column":2},"end":{"line":182,"column":null}},"type":"if","locations":[{"start":{"line":180,"column":2},"end":{"line":182,"column":null}},{"start":{},"end":{}}],"line":180},"16":{"loc":{"start":{"line":186,"column":4},"end":{"line":188,"column":null}},"type":"if","locations":[{"start":{"line":186,"column":4},"end":{"line":188,"column":null}},{"start":{},"end":{}}],"line":186},"17":{"loc":{"start":{"line":206,"column":45},"end":{"line":206,"column":79}},"type":"default-arg","locations":[{"start":{"line":206,"column":65},"end":{"line":206,"column":79}}],"line":206},"18":{"loc":{"start":{"line":207,"column":2},"end":{"line":209,"column":null}},"type":"if","locations":[{"start":{"line":207,"column":2},"end":{"line":209,"column":null}},{"start":{},"end":{}}],"line":207},"19":{"loc":{"start":{"line":214,"column":11},"end":{"line":214,"column":null}},"type":"binary-expr","locations":[{"start":{"line":214,"column":11},"end":{"line":214,"column":26}},{"start":{"line":214,"column":26},"end":{"line":214,"column":40}},{"start":{"line":214,"column":40},"end":{"line":214,"column":null}}],"line":214},"20":{"loc":{"start":{"line":221,"column":2},"end":{"line":223,"column":null}},"type":"if","locations":[{"start":{"line":221,"column":2},"end":{"line":223,"column":null}},{"start":{},"end":{}}],"line":221},"21":{"loc":{"start":{"line":231,"column":9},"end":{"line":231,"column":null}},"type":"binary-expr","locations":[{"start":{"line":231,"column":9},"end":{"line":231,"column":33}},{"start":{"line":231,"column":33},"end":{"line":231,"column":null}}],"line":231},"22":{"loc":{"start":{"line":236,"column":9},"end":{"line":236,"column":null}},"type":"binary-expr","locations":[{"start":{"line":236,"column":9},"end":{"line":236,"column":41}},{"start":{"line":236,"column":41},"end":{"line":236,"column":65}},{"start":{"line":236,"column":65},"end":{"line":236,"column":null}}],"line":236},"23":{"loc":{"start":{"line":263,"column":4},"end":{"line":265,"column":null}},"type":"if","locations":[{"start":{"line":263,"column":4},"end":{"line":265,"column":null}},{"start":{},"end":{}}],"line":263}},"s":{"0":28,"1":28,"2":28,"3":15,"4":15,"5":15,"6":15,"7":15,"8":15,"9":12,"10":36,"11":10634,"12":12,"13":12,"14":12,"15":4,"16":8,"17":19,"18":19,"19":11,"20":19,"21":3,"22":19,"23":10,"24":19,"25":8,"26":19,"27":11,"28":19,"29":5,"30":19,"31":10,"32":19,"33":0,"34":0,"35":0,"36":0,"37":0,"38":0,"39":0,"40":0,"41":0,"42":0,"43":0,"44":5548,"45":5548,"46":5548,"47":153,"48":153,"49":0,"50":0,"51":0,"52":153,"53":153,"54":1,"55":152,"56":152,"57":608,"58":605,"59":152,"60":152,"61":152,"62":152,"63":2245,"64":152,"65":152,"66":2698,"67":2698,"68":152,"69":19,"70":4,"71":15,"72":104212,"73":104212,"74":15,"75":15,"76":3,"77":15,"78":18,"79":18,"80":18,"81":18,"82":7,"83":7,"84":1054,"85":1054,"86":1054,"87":50,"88":6,"89":1,"90":2},"f":{"0":28,"1":15,"2":12,"3":36,"4":10634,"5":19,"6":0,"7":0,"8":0,"9":5548,"10":153,"11":608,"12":19,"13":104212,"14":18,"15":18,"16":1054,"17":6,"18":1},"b":{"0":[11,8],"1":[3,16],"2":[10,9],"3":[8,11],"4":[11,8],"5":[5,14],"6":[10,9],"7":[0],"8":[0,0],"9":[0,0],"10":[152,1],"11":[151,2],"12":[151,2],"13":[151,2],"14":[0,153],"15":[1,152],"16":[605,3],"17":[19],"18":[4,15],"19":[104212,104201,0],"20":[3,12],"21":[18,7],"22":[18,7,7],"23":[50,1004]},"meta":{"lastBranch":24,"lastFunction":19,"lastStatement":91,"seen":{"f:1:22:1:46":0,"s:2:14:2:Infinity":0,"s:3:22:9:Infinity":1,"s:11:2:22:Infinity":2,"f:25:22:25:Infinity":1,"s:30:14:30:Infinity":3,"s:32:15:32:Infinity":4,"s:33:13:33:Infinity":5,"s:35:14:35:Infinity":6,"s:37:20:41:Infinity":7,"s:43:2:47:Infinity":8,"f:50:22:50:Infinity":2,"s:58:14:59:Infinity":9,"f:58:14:58:15":3,"s:59:4:59:Infinity":10,"f:59:31:59:36":4,"s:59:36:59:51":11,"s:61:14:61:Infinity":12,"s:63:2:79:Infinity":13,"s:64:22:72:Infinity":14,"s:74:4:74:Infinity":15,"s:76:4:78:Infinity":16,"f:82:16:82:39":5,"s:83:27:83:Infinity":17,"b:85:2:87:Infinity:undefined:undefined:undefined:undefined":0,"s:85:2:87:Infinity":18,"s:86:4:86:Infinity":19,"b:89:2:91:Infinity:undefined:undefined:undefined:undefined":1,"s:89:2:91:Infinity":20,"s:90:4:90:Infinity":21,"b:93:2:95:Infinity:undefined:undefined:undefined:undefined":2,"s:93:2:95:Infinity":22,"s:94:4:94:Infinity":23,"b:97:2:99:Infinity:undefined:undefined:undefined:undefined":3,"s:97:2:99:Infinity":24,"s:98:4:98:Infinity":25,"b:101:2:103:Infinity:undefined:undefined:undefined:undefined":4,"s:101:2:103:Infinity":26,"s:102:4:102:Infinity":27,"b:106:2:108:Infinity:undefined:undefined:undefined:undefined":5,"s:106:2:108:Infinity":28,"s:107:4:107:Infinity":29,"b:110:2:112:Infinity:undefined:undefined:undefined:undefined":6,"s:110:2:112:Infinity":30,"s:111:4:111:Infinity":31,"s:114:2:117:Infinity":32,"f:120:22:120:44":6,"b:120:80:120:102":7,"s:121:2:139:Infinity":33,"s:122:4:122:Infinity":34,"s:125:4:135:Infinity":35,"f:125:15:125:27":7,"s:126:6:134:Infinity":36,"s:128:33:128:Infinity":37,"b:129:8:131:Infinity:undefined:undefined:undefined:undefined":8,"s:129:8:131:Infinity":38,"s:130:10:130:Infinity":39,"s:138:4:138:Infinity":40,"f:142:16:142:33":8,"b:144:2:149:Infinity:undefined:undefined:undefined:undefined":9,"s:144:2:149:Infinity":41,"s:145:16:145:Infinity":42,"s:146:4:146:Infinity":43,"f:152:9:152:27":9,"s:153:16:153:Infinity":44,"s:154:2:154:Infinity":45,"s:155:2:155:Infinity":46,"f:158:16:158:39":10,"s:166:19:171:Infinity":47,"b:167:34:167:64:167:64:167:Infinity":10,"b:168:34:168:63:168:63:168:Infinity":11,"b:169:38:169:51:169:51:169:Infinity":12,"b:170:38:170:69:170:69:170:Infinity":13,"b:173:2:177:Infinity:undefined:undefined:undefined:undefined":14,"s:173:2:177:Infinity":48,"s:174:4:174:Infinity":49,"s:175:4:175:Infinity":50,"s:176:4:176:Infinity":51,"s:179:19:179:Infinity":52,"b:180:2:182:Infinity:undefined:undefined:undefined:undefined":15,"s:180:2:182:Infinity":53,"s:181:4:181:Infinity":54,"s:184:34:184:Infinity":55,"s:185:2:189:Infinity":56,"f:185:35:185:36":11,"b:186:4:188:Infinity:undefined:undefined:undefined:undefined":16,"s:186:4:188:Infinity":57,"s:187:6:187:Infinity":58,"s:191:26:191:Infinity":59,"s:192:22:192:Infinity":60,"s:194:2:196:Infinity":61,"s:194:15:194:18":62,"s:195:4:195:Infinity":63,"s:198:2:201:Infinity":64,"s:198:15:198:39":65,"s:199:14:199:Infinity":66,"s:200:4:200:Infinity":67,"s:203:2:203:Infinity":68,"f:206:16:206:30":12,"b:206:65:206:79":17,"b:207:2:209:Infinity:undefined:undefined:undefined:undefined":18,"s:207:2:209:Infinity":69,"s:208:4:208:Infinity":70,"s:212:18:215:Infinity":71,"f:212:41:212:49":13,"s:213:17:213:Infinity":72,"s:214:4:214:Infinity":73,"b:214:11:214:26:214:26:214:40:214:40:214:Infinity":19,"s:218:2:218:Infinity":74,"b:221:2:223:Infinity:undefined:undefined:undefined:undefined":20,"s:221:2:223:Infinity":75,"s:222:4:222:Infinity":76,"s:225:2:225:Infinity":77,"f:228:16:228:29":14,"s:230:20:230:Infinity":78,"s:231:2:231:Infinity":79,"b:231:9:231:33:231:33:231:Infinity":21,"f:234:16:234:33":15,"s:235:24:235:Infinity":80,"s:236:2:236:Infinity":81,"b:236:9:236:41:236:41:236:65:236:65:236:Infinity":22,"s:250:31:250:Infinity":82,"s:251:29:251:Infinity":83,"f:253:2:253:6":16,"s:254:35:258:Infinity":84,"s:260:4:260:Infinity":85,"b:263:4:265:Infinity:undefined:undefined:undefined:undefined":23,"s:263:4:265:Infinity":86,"s:264:6:264:Infinity":87,"f:270:2:270:26":17,"s:271:4:271:Infinity":88,"f:274:2:274:20":18,"s:275:4:275:Infinity":89,"s:279:27:279:Infinity":90}}}
,"C:\\Users\\Vertimnus\\zero-trust-password-manager\\src\\services\\hibp.ts": {"path":"C:\\Users\\Vertimnus\\zero-trust-password-manager\\src\\services\\hibp.ts","statementMap":{"0":{"start":{"line":2,"column":18},"end":{"line":2,"column":null}},"1":{"start":{"line":3,"column":15},"end":{"line":3,"column":null}},"2":{"start":{"line":4,"column":21},"end":{"line":4,"column":null}},"3":{"start":{"line":5,"column":20},"end":{"line":5,"column":null}},"4":{"start":{"line":6,"column":18},"end":{"line":6,"column":null}},"5":{"start":{"line":6,"column":37},"end":{"line":6,"column":68}},"6":{"start":{"line":8,"column":17},"end":{"line":8,"column":null}},"7":{"start":{"line":9,"column":17},"end":{"line":9,"column":null}},"8":{"start":{"line":11,"column":19},"end":{"line":13,"column":null}},"9":{"start":{"line":15,"column":2},"end":{"line":17,"column":null}},"10":{"start":{"line":16,"column":4},"end":{"line":16,"column":null}},"11":{"start":{"line":19,"column":15},"end":{"line":19,"column":null}},"12":{"start":{"line":20,"column":16},"end":{"line":20,"column":null}},"13":{"start":{"line":22,"column":2},"end":{"line":27,"column":null}},"14":{"start":{"line":23,"column":26},"end":{"line":23,"column":null}},"15":{"start":{"line":24,"column":4},"end":{"line":26,"column":null}},"16":{"start":{"line":25,"column":6},"end":{"line":25,"column":null}},"17":{"start":{"line":29,"column":2},"end":{"line":29,"column":null}}},"fnMap":{"0":{"name":"checkPasswordBreach","decl":{"start":{"line":1,"column":22},"end":{"line":1,"column":42}},"loc":{"start":{"line":1,"column":77},"end":{"line":30,"column":null}},"line":1},"1":{"name":"(anonymous_1)","decl":{"start":{"line":6,"column":32},"end":{"line":6,"column":37}},"loc":{"start":{"line":6,"column":37},"end":{"line":6,"column":68}},"line":6}},"branchMap":{"0":{"loc":{"start":{"line":15,"column":2},"end":{"line":17,"column":null}},"type":"if","locations":[{"start":{"line":15,"column":2},"end":{"line":17,"column":null}},{"start":{},"end":{}}],"line":15},"1":{"loc":{"start":{"line":24,"column":4},"end":{"line":26,"column":null}},"type":"if","locations":[{"start":{"line":24,"column":4},"end":{"line":26,"column":null}},{"start":{},"end":{}}],"line":24}},"s":{"0":6,"1":6,"2":6,"3":6,"4":6,"5":120,"6":6,"7":6,"8":6,"9":6,"10":1,"11":5,"12":5,"13":5,"14":8,"15":8,"16":1,"17":4},"f":{"0":6,"1":120},"b":{"0":[1,5],"1":[1,7]},"meta":{"lastBranch":2,"lastFunction":2,"lastStatement":18,"seen":{"f:1:22:1:42":0,"s:2:18:2:Infinity":0,"s:3:15:3:Infinity":1,"s:4:21:4:Infinity":2,"s:5:20:5:Infinity":3,"s:6:18:6:Infinity":4,"f:6:32:6:37":1,"s:6:37:6:68":5,"s:8:17:8:Infinity":6,"s:9:17:9:Infinity":7,"s:11:19:13:Infinity":8,"b:15:2:17:Infinity:undefined:undefined:undefined:undefined":0,"s:15:2:17:Infinity":9,"s:16:4:16:Infinity":10,"s:19:15:19:Infinity":11,"s:20:16:20:Infinity":12,"s:22:2:27:Infinity":13,"s:23:26:23:Infinity":14,"b:24:4:26:Infinity:undefined:undefined:undefined:undefined":1,"s:24:4:26:Infinity":15,"s:25:6:25:Infinity":16,"s:29:2:29:Infinity":17}}}
,"C:\\Users\\Vertimnus\\zero-trust-password-manager\\src\\utils\\passwordValidator.ts": {"path":"C:\\Users\\Vertimnus\\zero-trust-password-manager\\src\\utils\\passwordValidator.ts","statementMap":{"0":{"start":{"line":16,"column":32},"end":{"line":43,"column":null}},"1":{"start":{"line":17,"column":27},"end":{"line":17,"column":null}},"2":{"start":{"line":19,"column":2},"end":{"line":21,"column":null}},"3":{"start":{"line":20,"column":4},"end":{"line":20,"column":null}},"4":{"start":{"line":23,"column":2},"end":{"line":25,"column":null}},"5":{"start":{"line":24,"column":4},"end":{"line":24,"column":null}},"6":{"start":{"line":27,"column":2},"end":{"line":29,"column":null}},"7":{"start":{"line":28,"column":4},"end":{"line":28,"column":null}},"8":{"start":{"line":31,"column":2},"end":{"line":33,"column":null}},"9":{"start":{"line":32,"column":4},"end":{"line":32,"column":null}},"10":{"start":{"line":35,"column":2},"end":{"line":37,"column":null}},"11":{"start":{"line":36,"column":4},"end":{"line":36,"column":null}},"12":{"start":{"line":39,"column":2},"end":{"line":42,"column":null}}},"fnMap":{"0":{"name":"(anonymous_0)","decl":{"start":{"line":16,"column":32},"end":{"line":16,"column":33}},"loc":{"start":{"line":16,"column":74},"end":{"line":43,"column":null}},"line":16}},"branchMap":{"0":{"loc":{"start":{"line":19,"column":2},"end":{"line":21,"column":null}},"type":"if","locations":[{"start":{"line":19,"column":2},"end":{"line":21,"column":null}},{"start":{},"end":{}}],"line":19},"1":{"loc":{"start":{"line":23,"column":2},"end":{"line":25,"column":null}},"type":"if","locations":[{"start":{"line":23,"column":2},"end":{"line":25,"column":null}},{"start":{},"end":{}}],"line":23},"2":{"loc":{"start":{"line":27,"column":2},"end":{"line":29,"column":null}},"type":"if","locations":[{"start":{"line":27,"column":2},"end":{"line":29,"column":null}},{"start":{},"end":{}}],"line":27},"3":{"loc":{"start":{"line":31,"column":2},"end":{"line":33,"column":null}},"type":"if","locations":[{"start":{"line":31,"column":2},"end":{"line":33,"column":null}},{"start":{},"end":{}}],"line":31},"4":{"loc":{"start":{"line":35,"column":2},"end":{"line":37,"column":null}},"type":"if","locations":[{"start":{"line":35,"column":2},"end":{"line":37,"column":null}},{"start":{},"end":{}}],"line":35}},"s":{"0":1,"1":9,"2":9,"3":3,"4":9,"5":2,"6":9,"7":2,"8":9,"9":2,"10":9,"11":2,"12":9},"f":{"0":9},"b":{"0":[3,6],"1":[2,7],"2":[2,7],"3":[2,7],"4":[2,7]},"meta":{"lastBranch":5,"lastFunction":1,"lastStatement":13,"seen":{"s:16:32:43:Infinity":0,"f:16:32:16:33":0,"s:17:27:17:Infinity":1,"b:19:2:21:Infinity:undefined:undefined:undefined:undefined":0,"s:19:2:21:Infinity":2,"s:20:4:20:Infinity":3,"b:23:2:25:Infinity:undefined:undefined:undefined:undefined":1,"s:23:2:25:Infinity":4,"s:24:4:24:Infinity":5,"b:27:2:29:Infinity:undefined:undefined:undefined:undefined":2,"s:27:2:29:Infinity":6,"s:28:4:28:Infinity":7,"b:31:2:33:Infinity:undefined:undefined:undefined:undefined":3,"s:31:2:33:Infinity":8,"s:32:4:32:Infinity":9,"b:35:2:37:Infinity:undefined:undefined:undefined:undefined":4,"s:35:2:37:Infinity":10,"s:36:4:36:Infinity":11,"s:39:2:42:Infinity":12}}}
}
